Using pre-set license
Built from '2020.2/staging' branch; Version is '2020.2.3f1 (8ff31bc5bf5b) revision 9433883'; Using compiler version '192528614'; Build Type 'Release'
OS: 'Windows 10 Home; OS build 19041.867; Version 2004; 64bit' Language: 'es' Physical Memory: 8071 MB
BatchMode: 1, IsHumanControllingUs: 0, StartBugReporterOnCrash: 0, Is64bit: 1, IsPro: 0

 COMMAND LINE ARGUMENTS:
C:\AR\Unity\2020.2.3f1\Editor\Unity.exe
-adb2
-batchMode
-noUpm
-name
AssetImportWorker0
-projectPath
C:/AR/Unity/Projects/mydrone
-logFile
Logs/AssetImportWorker0.log
-srvPort
64386
Successfully changed project path to: C:/AR/Unity/Projects/mydrone
C:/AR/Unity/Projects/mydrone
Using Asset Import Pipeline V2.
Refreshing native plugins compatible for Editor in 25.66 ms, found 0 plugins.
Preloading 0 native plugins for Editor in 0.00 ms.
Initialize engine version: 2020.2.3f1 (8ff31bc5bf5b)
[Subsystems] Discovering subsystems at path C:/AR/Unity/2020.2.3f1/Editor/Data/Resources/UnitySubsystems
[Subsystems] Discovering subsystems at path C:/AR/Unity/Projects/mydrone/Assets
GfxDevice: creating device client; threaded=0
Direct3D:
    Version:  Direct3D 11.0 [level 11.1]
    Renderer: Intel(R) HD Graphics 620 (ID=0x5916)
    Vendor:   
    VRAM:     4035 MB
    Driver:   27.20.100.8477
Initialize mono
Mono path[0] = 'C:/AR/Unity/2020.2.3f1/Editor/Data/Managed'
Mono path[1] = 'C:/AR/Unity/2020.2.3f1/Editor/Data/MonoBleedingEdge/lib/mono/unityjit'
Mono config path = 'C:/AR/Unity/2020.2.3f1/Editor/Data/MonoBleedingEdge/etc'
Using monoOptions --debugger-agent=transport=dt_socket,embedding=1,server=y,suspend=n,address=127.0.0.1:56308
Begin MonoManager ReloadAssembly
Registering precompiled unity dll's ...
Register platform support module: C:/AR/Unity/2020.2.3f1/Editor/Data/PlaybackEngines/WindowsStandaloneSupport/UnityEditor.WindowsStandalone.Extensions.dll
Register platform support module: C:/AR/Unity/2020.2.3f1/Editor/Data/PlaybackEngines/LinuxStandaloneSupport/UnityEditor.LinuxStandalone.Extensions.dll
Registered in 0.003261 seconds.
Native extension for LinuxStandalone target not found
Native extension for WindowsStandalone target not found
Refreshing native plugins compatible for Editor in 25.51 ms, found 0 plugins.
Preloading 0 native plugins for Editor in 0.00 ms.
Invoked RoslynAnalysisRunner static constructor.
RoslynAnalysisRunner will not be running.
RoslynAnalysisRunner has terminated.
Mono: successfully reloaded assembly
- Completed reload, in  1.360 seconds
Platform modules already initialized, skipping
Registering precompiled user dll's ...
Registered in 0.000756 seconds.
Begin MonoManager ReloadAssembly
Native extension for LinuxStandalone target not found
Native extension for WindowsStandalone target not found
Refreshing native plugins compatible for Editor in 0.19 ms, found 0 plugins.
Preloading 0 native plugins for Editor in 0.00 ms.
Invoked RoslynAnalysisRunner static constructor.
RoslynAnalysisRunner will not be running.
RoslynAnalysisRunner has terminated.
Mono: successfully reloaded assembly
- Completed reload, in  0.957 seconds
Platform modules already initialized, skipping
========================================================================
Worker process is ready to serve import requests
Launched and connected shader compiler UnityShaderCompiler.exe after 0.06 seconds
Refreshing native plugins compatible for Editor in 0.32 ms, found 0 plugins.
Preloading 0 native plugins for Editor in 0.00 ms.
Unloading 1106 Unused Serialized files (Serialized files now loaded: 0)
System memory in use before: 68.7 MB.
System memory in use after: 68.7 MB.

Unloading 10 unused Assets to reduce memory usage. Loaded Objects now: 1561.
Total: 4.477100 ms (FindLiveObjects: 1.432400 ms CreateObjectMapping: 0.391000 ms MarkObjects: 2.475200 ms  DeleteObjects: 0.175100 ms)

========================================================================
Received Import Request.
  path: Assets/Prefabs
  artifactKey: Guid(e5274b0043c2be54fad6e109e2746642) Importer(815301076,1909f56bfc062723c751e8b465ee728b)
Start importing Assets/Prefabs using Guid(e5274b0043c2be54fad6e109e2746642) Importer(815301076,1909f56bfc062723c751e8b465ee728b)  -> (artifact id: '5811c353ed3c8ca7c28f61f037f1f4ad') in 0.019231 seconds
  Import took 0.021481 seconds .

========================================================================
Received Import Request.
  Time since last request: 0.436469 seconds.
  path: Assets/Prefabs/mydrone.prefab
  artifactKey: Guid(634333d384fa76b44bc8e77d52da980a) Importer(815301076,1909f56bfc062723c751e8b465ee728b)
Start importing Assets/Prefabs/mydrone.prefab using Guid(634333d384fa76b44bc8e77d52da980a) Importer(815301076,1909f56bfc062723c751e8b465ee728b)  -> (artifact id: 'f63703c7e89fa032d112215f68f73f1b') in 0.174017 seconds
  Import took 0.178453 seconds .

========================================================================
Received Import Request.
  Time since last request: 0.003262 seconds.
  path: Assets/Prefabs/mydrone.prefab
  artifactKey: Guid(634333d384fa76b44bc8e77d52da980a) Importer(815301076,1909f56bfc062723c751e8b465ee728b)
Start importing Assets/Prefabs/mydrone.prefab using Guid(634333d384fa76b44bc8e77d52da980a) Importer(815301076,1909f56bfc062723c751e8b465ee728b)  -> (artifact id: 'f63703c7e89fa032d112215f68f73f1b') in 0.017063 seconds
  Import took 0.019811 seconds .

========================================================================
Received Import Request.
  Time since last request: 935.189569 seconds.
  path: Assets/untitled.blend
  artifactKey: Guid(dddaf98a0a4b7f54aa62a7ccfbbc69be) Importer(815301076,1909f56bfc062723c751e8b465ee728b)
Start importing Assets/untitled.blend using Guid(dddaf98a0a4b7f54aa62a7ccfbbc69be) Importer(815301076,1909f56bfc062723c751e8b465ee728b)  -> (artifact id: '5889776ed6be3c01dfde79f958ecc07f') in 0.127061 seconds
  Import took 0.130031 seconds .

========================================================================
Received Prepare
Registering precompiled user dll's ...
Registered in 0.001067 seconds.
Begin MonoManager ReloadAssembly
Native extension for LinuxStandalone target not found
Native extension for WindowsStandalone target not found
Refreshing native plugins compatible for Editor in 0.24 ms, found 0 plugins.
Preloading 0 native plugins for Editor in 0.00 ms.
Invoked RoslynAnalysisRunner static constructor.
RoslynAnalysisRunner will not be running.
RoslynAnalysisRunner has terminated.
Mono: successfully reloaded assembly
- Completed reload, in  0.862 seconds
Platform modules already initialized, skipping
Refreshing native plugins compatible for Editor in 0.25 ms, found 0 plugins.
Preloading 0 native plugins for Editor in 0.00 ms.
Unloading 1101 Unused Serialized files (Serialized files now loaded: 0)
System memory in use before: 72.0 MB.
System memory in use after: 72.0 MB.

Unloading 6 unused Assets to reduce memory usage. Loaded Objects now: 1574.
Total: 2.060300 ms (FindLiveObjects: 0.459200 ms CreateObjectMapping: 0.051500 ms MarkObjects: 1.469300 ms  DeleteObjects: 0.079100 ms)

========================================================================
Received Prepare
Registering precompiled user dll's ...
Registered in 0.001218 seconds.
Begin MonoManager ReloadAssembly
Native extension for LinuxStandalone target not found
Native extension for WindowsStandalone target not found
Refreshing native plugins compatible for Editor in 0.20 ms, found 0 plugins.
Preloading 0 native plugins for Editor in 0.00 ms.
Invoked RoslynAnalysisRunner static constructor.
RoslynAnalysisRunner will not be running.
RoslynAnalysisRunner has terminated.
Mono: successfully reloaded assembly
- Completed reload, in  0.908 seconds
Platform modules already initialized, skipping
Refreshing native plugins compatible for Editor in 0.22 ms, found 0 plugins.
Preloading 0 native plugins for Editor in 0.00 ms.
Unloading 1101 Unused Serialized files (Serialized files now loaded: 0)
System memory in use before: 72.0 MB.
System memory in use after: 72.1 MB.

Unloading 5 unused Assets to reduce memory usage. Loaded Objects now: 1576.
Total: 2.137100 ms (FindLiveObjects: 0.209500 ms CreateObjectMapping: 0.065600 ms MarkObjects: 1.722900 ms  DeleteObjects: 0.137800 ms)

========================================================================
Received Import Request.
  Time since last request: 932.490617 seconds.
  path: Assets/Meshes
  artifactKey: Guid(8b4a496ce822f974ebd207f279ea5d23) Importer(815301076,1909f56bfc062723c751e8b465ee728b)
Start importing Assets/Meshes using Guid(8b4a496ce822f974ebd207f279ea5d23) Importer(815301076,1909f56bfc062723c751e8b465ee728b)  -> (artifact id: '589229f24a38dfedab3128edd3f435e9') in 0.014460 seconds
  Import took 0.017149 seconds .

========================================================================
Received Import Request.
  Time since last request: 8.301306 seconds.
  path: Assets/Prefabs/DroneParent.prefab
  artifactKey: Guid(03113f9db7de24148944d7895c265bc2) Importer(815301076,1909f56bfc062723c751e8b465ee728b)
Start importing Assets/Prefabs/DroneParent.prefab using Guid(03113f9db7de24148944d7895c265bc2) Importer(815301076,1909f56bfc062723c751e8b465ee728b)  -> (artifact id: '1ec6ef4e541c12bb96bd0f0643abde23') in 0.091884 seconds
  Import took 0.094686 seconds .

========================================================================
Received Prepare
Registering precompiled user dll's ...
Registered in 0.000718 seconds.
Begin MonoManager ReloadAssembly
Native extension for LinuxStandalone target not found
Native extension for WindowsStandalone target not found
Refreshing native plugins compatible for Editor in 0.19 ms, found 0 plugins.
Preloading 0 native plugins for Editor in 0.00 ms.
Invoked RoslynAnalysisRunner static constructor.
RoslynAnalysisRunner will not be running.
RoslynAnalysisRunner has terminated.
Mono: successfully reloaded assembly
- Completed reload, in  0.868 seconds
Platform modules already initialized, skipping
Refreshing native plugins compatible for Editor in 0.19 ms, found 0 plugins.
Preloading 0 native plugins for Editor in 0.00 ms.
Unloading 1101 Unused Serialized files (Serialized files now loaded: 0)
System memory in use before: 72.0 MB.
System memory in use after: 72.1 MB.

Unloading 6 unused Assets to reduce memory usage. Loaded Objects now: 1579.
Total: 1.682600 ms (FindLiveObjects: 0.131200 ms CreateObjectMapping: 0.032400 ms MarkObjects: 1.431100 ms  DeleteObjects: 0.086500 ms)

========================================================================
Received Import Request.
  Time since last request: 246.151528 seconds.
  path: Assets/Scripts/PID.cs
  artifactKey: Guid(26f243516f5af8348b9a456424535920) Importer(815301076,1909f56bfc062723c751e8b465ee728b)
Start importing Assets/Scripts/PID.cs using Guid(26f243516f5af8348b9a456424535920) Importer(815301076,1909f56bfc062723c751e8b465ee728b)  -> (artifact id: '6f530278d3bfca6eea52fdbe87481944') in 0.037386 seconds
  Import took 0.040288 seconds .

AssetImportWorkerClient::OnTransportError - code=2 error=End of file
